<?xml version="1.0" encoding="UTF-8"?>
<testsuite xmlns:xsi="http://www.w3.org/2001/XMLSchema-instance" xsi:noNamespaceSchemaLocation="https://maven.apache.org/surefire/maven-surefire-plugin/xsd/surefire-test-report.xsd" name="com.in28minutes.microservices.currencyexchangeservice.CurrencyExchangeServiceApplicationTests" time="18.006" tests="1" errors="0" skipped="0" failures="0">
  <properties>
    <property name="java.specification.version" value="17"/>
    <property name="sun.jnu.encoding" value="UTF-8"/>
    <property name="java.class.path" value="/home/osboxes/kubernetes/currency-exchange-service/target/test-classes:/home/osboxes/kubernetes/currency-exchange-service/target/classes:/home/osboxes/.m2/repository/org/springframework/boot/spring-boot-starter-actuator/2.4.1/spring-boot-starter-actuator-2.4.1.jar:/home/osboxes/.m2/repository/org/springframework/boot/spring-boot-starter/2.4.1/spring-boot-starter-2.4.1.jar:/home/osboxes/.m2/repository/org/springframework/boot/spring-boot-starter-logging/2.4.1/spring-boot-starter-logging-2.4.1.jar:/home/osboxes/.m2/repository/ch/qos/logback/logback-classic/1.2.3/logback-classic-1.2.3.jar:/home/osboxes/.m2/repository/ch/qos/logback/logback-core/1.2.3/logback-core-1.2.3.jar:/home/osboxes/.m2/repository/org/apache/logging/log4j/log4j-to-slf4j/2.13.3/log4j-to-slf4j-2.13.3.jar:/home/osboxes/.m2/repository/org/apache/logging/log4j/log4j-api/2.13.3/log4j-api-2.13.3.jar:/home/osboxes/.m2/repository/org/slf4j/jul-to-slf4j/1.7.30/jul-to-slf4j-1.7.30.jar:/home/osboxes/.m2/repository/jakarta/annotation/jakarta.annotation-api/1.3.5/jakarta.annotation-api-1.3.5.jar:/home/osboxes/.m2/repository/org/yaml/snakeyaml/1.27/snakeyaml-1.27.jar:/home/osboxes/.m2/repository/org/springframework/boot/spring-boot-actuator-autoconfigure/2.4.1/spring-boot-actuator-autoconfigure-2.4.1.jar:/home/osboxes/.m2/repository/org/springframework/boot/spring-boot-actuator/2.4.1/spring-boot-actuator-2.4.1.jar:/home/osboxes/.m2/repository/com/fasterxml/jackson/core/jackson-databind/2.11.3/jackson-databind-2.11.3.jar:/home/osboxes/.m2/repository/com/fasterxml/jackson/core/jackson-annotations/2.11.3/jackson-annotations-2.11.3.jar:/home/osboxes/.m2/repository/com/fasterxml/jackson/core/jackson-core/2.11.3/jackson-core-2.11.3.jar:/home/osboxes/.m2/repository/com/fasterxml/jackson/datatype/jackson-datatype-jsr310/2.11.3/jackson-datatype-jsr310-2.11.3.jar:/home/osboxes/.m2/repository/io/micrometer/micrometer-core/1.6.2/micrometer-core-1.6.2.jar:/home/osboxes/.m2/repository/org/hdrhistogram/HdrHistogram/2.1.12/HdrHistogram-2.1.12.jar:/home/osboxes/.m2/repository/org/latencyutils/LatencyUtils/2.0.3/LatencyUtils-2.0.3.jar:/home/osboxes/.m2/repository/org/springframework/boot/spring-boot-starter-web/2.4.1/spring-boot-starter-web-2.4.1.jar:/home/osboxes/.m2/repository/org/springframework/boot/spring-boot-starter-json/2.4.1/spring-boot-starter-json-2.4.1.jar:/home/osboxes/.m2/repository/com/fasterxml/jackson/datatype/jackson-datatype-jdk8/2.11.3/jackson-datatype-jdk8-2.11.3.jar:/home/osboxes/.m2/repository/com/fasterxml/jackson/module/jackson-module-parameter-names/2.11.3/jackson-module-parameter-names-2.11.3.jar:/home/osboxes/.m2/repository/org/springframework/boot/spring-boot-starter-tomcat/2.4.1/spring-boot-starter-tomcat-2.4.1.jar:/home/osboxes/.m2/repository/org/apache/tomcat/embed/tomcat-embed-core/9.0.41/tomcat-embed-core-9.0.41.jar:/home/osboxes/.m2/repository/org/glassfish/jakarta.el/3.0.3/jakarta.el-3.0.3.jar:/home/osboxes/.m2/repository/org/apache/tomcat/embed/tomcat-embed-websocket/9.0.41/tomcat-embed-websocket-9.0.41.jar:/home/osboxes/.m2/repository/org/springframework/spring-web/5.3.2/spring-web-5.3.2.jar:/home/osboxes/.m2/repository/org/springframework/spring-beans/5.3.2/spring-beans-5.3.2.jar:/home/osboxes/.m2/repository/org/springframework/spring-webmvc/5.3.2/spring-webmvc-5.3.2.jar:/home/osboxes/.m2/repository/org/springframework/spring-context/5.3.2/spring-context-5.3.2.jar:/home/osboxes/.m2/repository/org/springframework/spring-expression/5.3.2/spring-expression-5.3.2.jar:/home/osboxes/.m2/repository/org/springframework/boot/spring-boot-starter-data-jpa/2.4.1/spring-boot-starter-data-jpa-2.4.1.jar:/home/osboxes/.m2/repository/org/springframework/boot/spring-boot-starter-jdbc/2.4.1/spring-boot-starter-jdbc-2.4.1.jar:/home/osboxes/.m2/repository/com/zaxxer/HikariCP/3.4.5/HikariCP-3.4.5.jar:/home/osboxes/.m2/repository/org/springframework/spring-jdbc/5.3.2/spring-jdbc-5.3.2.jar:/home/osboxes/.m2/repository/jakarta/transaction/jakarta.transaction-api/1.3.3/jakarta.transaction-api-1.3.3.jar:/home/osboxes/.m2/repository/jakarta/persistence/jakarta.persistence-api/2.2.3/jakarta.persistence-api-2.2.3.jar:/home/osboxes/.m2/repository/org/hibernate/hibernate-core/5.4.25.Final/hibernate-core-5.4.25.Final.jar:/home/osboxes/.m2/repository/org/jboss/logging/jboss-logging/3.4.1.Final/jboss-logging-3.4.1.Final.jar:/home/osboxes/.m2/repository/org/javassist/javassist/3.27.0-GA/javassist-3.27.0-GA.jar:/home/osboxes/.m2/repository/net/bytebuddy/byte-buddy/1.10.18/byte-buddy-1.10.18.jar:/home/osboxes/.m2/repository/antlr/antlr/2.7.7/antlr-2.7.7.jar:/home/osboxes/.m2/repository/org/jboss/jandex/2.1.3.Final/jandex-2.1.3.Final.jar:/home/osboxes/.m2/repository/com/fasterxml/classmate/1.5.1/classmate-1.5.1.jar:/home/osboxes/.m2/repository/org/dom4j/dom4j/2.1.3/dom4j-2.1.3.jar:/home/osboxes/.m2/repository/org/hibernate/common/hibernate-commons-annotations/5.1.2.Final/hibernate-commons-annotations-5.1.2.Final.jar:/home/osboxes/.m2/repository/org/glassfish/jaxb/jaxb-runtime/2.3.3/jaxb-runtime-2.3.3.jar:/home/osboxes/.m2/repository/org/glassfish/jaxb/txw2/2.3.3/txw2-2.3.3.jar:/home/osboxes/.m2/repository/com/sun/istack/istack-commons-runtime/3.0.11/istack-commons-runtime-3.0.11.jar:/home/osboxes/.m2/repository/com/sun/activation/jakarta.activation/1.2.2/jakarta.activation-1.2.2.jar:/home/osboxes/.m2/repository/org/springframework/data/spring-data-jpa/2.4.2/spring-data-jpa-2.4.2.jar:/home/osboxes/.m2/repository/org/springframework/data/spring-data-commons/2.4.2/spring-data-commons-2.4.2.jar:/home/osboxes/.m2/repository/org/springframework/spring-orm/5.3.2/spring-orm-5.3.2.jar:/home/osboxes/.m2/repository/org/springframework/spring-tx/5.3.2/spring-tx-5.3.2.jar:/home/osboxes/.m2/repository/org/springframework/spring-aspects/5.3.2/spring-aspects-5.3.2.jar:/home/osboxes/.m2/repository/com/h2database/h2/1.4.200/h2-1.4.200.jar:/home/osboxes/.m2/repository/org/springframework/cloud/spring-cloud-starter-sleuth/3.0.0/spring-cloud-starter-sleuth-3.0.0.jar:/home/osboxes/.m2/repository/org/springframework/cloud/spring-cloud-starter/3.0.0/spring-cloud-starter-3.0.0.jar:/home/osboxes/.m2/repository/org/springframework/cloud/spring-cloud-context/3.0.0/spring-cloud-context-3.0.0.jar:/home/osboxes/.m2/repository/org/springframework/security/spring-security-crypto/5.4.2/spring-security-crypto-5.4.2.jar:/home/osboxes/.m2/repository/org/springframework/cloud/spring-cloud-commons/3.0.0/spring-cloud-commons-3.0.0.jar:/home/osboxes/.m2/repository/org/springframework/security/spring-security-rsa/1.0.9.RELEASE/spring-security-rsa-1.0.9.RELEASE.jar:/home/osboxes/.m2/repository/org/bouncycastle/bcpkix-jdk15on/1.64/bcpkix-jdk15on-1.64.jar:/home/osboxes/.m2/repository/org/bouncycastle/bcprov-jdk15on/1.64/bcprov-jdk15on-1.64.jar:/home/osboxes/.m2/repository/org/springframework/cloud/spring-cloud-sleuth-autoconfigure/3.0.0/spring-cloud-sleuth-autoconfigure-3.0.0.jar:/home/osboxes/.m2/repository/org/springframework/cloud/spring-cloud-sleuth-instrumentation/3.0.0/spring-cloud-sleuth-instrumentation-3.0.0.jar:/home/osboxes/.m2/repository/org/springframework/cloud/spring-cloud-sleuth-api/3.0.0/spring-cloud-sleuth-api-3.0.0.jar:/home/osboxes/.m2/repository/org/aspectj/aspectjrt/1.9.6/aspectjrt-1.9.6.jar:/home/osboxes/.m2/repository/org/springframework/cloud/spring-cloud-sleuth-brave/3.0.0/spring-cloud-sleuth-brave-3.0.0.jar:/home/osboxes/.m2/repository/io/zipkin/brave/brave/5.13.2/brave-5.13.2.jar:/home/osboxes/.m2/repository/io/zipkin/brave/brave-context-slf4j/5.13.2/brave-context-slf4j-5.13.2.jar:/home/osboxes/.m2/repository/io/zipkin/brave/brave-instrumentation-messaging/5.13.2/brave-instrumentation-messaging-5.13.2.jar:/home/osboxes/.m2/repository/io/zipkin/brave/brave-instrumentation-rpc/5.13.2/brave-instrumentation-rpc-5.13.2.jar:/home/osboxes/.m2/repository/io/zipkin/brave/brave-instrumentation-spring-rabbit/5.13.2/brave-instrumentation-spring-rabbit-5.13.2.jar:/home/osboxes/.m2/repository/io/zipkin/brave/brave-instrumentation-kafka-clients/5.13.2/brave-instrumentation-kafka-clients-5.13.2.jar:/home/osboxes/.m2/repository/io/zipkin/brave/brave-instrumentation-kafka-streams/5.13.2/brave-instrumentation-kafka-streams-5.13.2.jar:/home/osboxes/.m2/repository/io/zipkin/brave/brave-instrumentation-httpclient/5.13.2/brave-instrumentation-httpclient-5.13.2.jar:/home/osboxes/.m2/repository/io/zipkin/brave/brave-instrumentation-http/5.13.2/brave-instrumentation-http-5.13.2.jar:/home/osboxes/.m2/repository/io/zipkin/brave/brave-instrumentation-httpasyncclient/5.13.2/brave-instrumentation-httpasyncclient-5.13.2.jar:/home/osboxes/.m2/repository/io/zipkin/brave/brave-instrumentation-jms/5.13.2/brave-instrumentation-jms-5.13.2.jar:/home/osboxes/.m2/repository/io/zipkin/brave/brave-instrumentation-mongodb/5.13.2/brave-instrumentation-mongodb-5.13.2.jar:/home/osboxes/.m2/repository/io/zipkin/aws/brave-propagation-aws/0.21.3/brave-propagation-aws-0.21.3.jar:/home/osboxes/.m2/repository/io/zipkin/reporter2/zipkin-reporter-metrics-micrometer/2.16.1/zipkin-reporter-metrics-micrometer-2.16.1.jar:/home/osboxes/.m2/repository/io/zipkin/reporter2/zipkin-reporter/2.16.1/zipkin-reporter-2.16.1.jar:/home/osboxes/.m2/repository/io/zipkin/zipkin2/zipkin/2.23.0/zipkin-2.23.0.jar:/home/osboxes/.m2/repository/org/springframework/boot/spring-boot-starter-aop/2.4.1/spring-boot-starter-aop-2.4.1.jar:/home/osboxes/.m2/repository/org/springframework/spring-aop/5.3.2/spring-aop-5.3.2.jar:/home/osboxes/.m2/repository/org/aspectj/aspectjweaver/1.9.6/aspectjweaver-1.9.6.jar:/home/osboxes/.m2/repository/io/github/resilience4j/resilience4j-spring-boot2/1.6.1/resilience4j-spring-boot2-1.6.1.jar:/home/osboxes/.m2/repository/io/vavr/vavr/0.10.2/vavr-0.10.2.jar:/home/osboxes/.m2/repository/io/vavr/vavr-match/0.10.2/vavr-match-0.10.2.jar:/home/osboxes/.m2/repository/org/slf4j/slf4j-api/1.7.30/slf4j-api-1.7.30.jar:/home/osboxes/.m2/repository/io/github/resilience4j/resilience4j-spring/1.6.1/resilience4j-spring-1.6.1.jar:/home/osboxes/.m2/repository/io/github/resilience4j/resilience4j-annotations/1.6.1/resilience4j-annotations-1.6.1.jar:/home/osboxes/.m2/repository/io/github/resilience4j/resilience4j-consumer/1.6.1/resilience4j-consumer-1.6.1.jar:/home/osboxes/.m2/repository/io/github/resilience4j/resilience4j-core/1.6.1/resilience4j-core-1.6.1.jar:/home/osboxes/.m2/repository/io/github/resilience4j/resilience4j-circularbuffer/1.6.1/resilience4j-circularbuffer-1.6.1.jar:/home/osboxes/.m2/repository/io/github/resilience4j/resilience4j-framework-common/1.6.1/resilience4j-framework-common-1.6.1.jar:/home/osboxes/.m2/repository/io/github/resilience4j/resilience4j-circuitbreaker/1.6.1/resilience4j-circuitbreaker-1.6.1.jar:/home/osboxes/.m2/repository/io/github/resilience4j/resilience4j-ratelimiter/1.6.1/resilience4j-ratelimiter-1.6.1.jar:/home/osboxes/.m2/repository/io/github/resilience4j/resilience4j-retry/1.6.1/resilience4j-retry-1.6.1.jar:/home/osboxes/.m2/repository/io/github/resilience4j/resilience4j-bulkhead/1.6.1/resilience4j-bulkhead-1.6.1.jar:/home/osboxes/.m2/repository/io/github/resilience4j/resilience4j-timelimiter/1.6.1/resilience4j-timelimiter-1.6.1.jar:/home/osboxes/.m2/repository/io/github/resilience4j/resilience4j-micrometer/1.6.1/resilience4j-micrometer-1.6.1.jar:/home/osboxes/.m2/repository/org/springframework/boot/spring-boot-devtools/2.4.1/spring-boot-devtools-2.4.1.jar:/home/osboxes/.m2/repository/org/springframework/boot/spring-boot/2.4.1/spring-boot-2.4.1.jar:/home/osboxes/.m2/repository/org/springframework/boot/spring-boot-autoconfigure/2.4.1/spring-boot-autoconfigure-2.4.1.jar:/home/osboxes/.m2/repository/org/springframework/boot/spring-boot-starter-test/2.4.1/spring-boot-starter-test-2.4.1.jar:/home/osboxes/.m2/repository/org/springframework/boot/spring-boot-test/2.4.1/spring-boot-test-2.4.1.jar:/home/osboxes/.m2/repository/org/springframework/boot/spring-boot-test-autoconfigure/2.4.1/spring-boot-test-autoconfigure-2.4.1.jar:/home/osboxes/.m2/repository/com/jayway/jsonpath/json-path/2.4.0/json-path-2.4.0.jar:/home/osboxes/.m2/repository/net/minidev/json-smart/2.3/json-smart-2.3.jar:/home/osboxes/.m2/repository/net/minidev/accessors-smart/1.2/accessors-smart-1.2.jar:/home/osboxes/.m2/repository/org/ow2/asm/asm/5.0.4/asm-5.0.4.jar:/home/osboxes/.m2/repository/jakarta/xml/bind/jakarta.xml.bind-api/2.3.3/jakarta.xml.bind-api-2.3.3.jar:/home/osboxes/.m2/repository/jakarta/activation/jakarta.activation-api/1.2.2/jakarta.activation-api-1.2.2.jar:/home/osboxes/.m2/repository/org/assertj/assertj-core/3.18.1/assertj-core-3.18.1.jar:/home/osboxes/.m2/repository/org/hamcrest/hamcrest/2.2/hamcrest-2.2.jar:/home/osboxes/.m2/repository/org/junit/jupiter/junit-jupiter/5.7.0/junit-jupiter-5.7.0.jar:/home/osboxes/.m2/repository/org/junit/jupiter/junit-jupiter-api/5.7.0/junit-jupiter-api-5.7.0.jar:/home/osboxes/.m2/repository/org/apiguardian/apiguardian-api/1.1.0/apiguardian-api-1.1.0.jar:/home/osboxes/.m2/repository/org/opentest4j/opentest4j/1.2.0/opentest4j-1.2.0.jar:/home/osboxes/.m2/repository/org/junit/platform/junit-platform-commons/1.7.0/junit-platform-commons-1.7.0.jar:/home/osboxes/.m2/repository/org/junit/jupiter/junit-jupiter-params/5.7.0/junit-jupiter-params-5.7.0.jar:/home/osboxes/.m2/repository/org/junit/jupiter/junit-jupiter-engine/5.7.0/junit-jupiter-engine-5.7.0.jar:/home/osboxes/.m2/repository/org/junit/platform/junit-platform-engine/1.7.0/junit-platform-engine-1.7.0.jar:/home/osboxes/.m2/repository/org/mockito/mockito-core/3.6.28/mockito-core-3.6.28.jar:/home/osboxes/.m2/repository/net/bytebuddy/byte-buddy-agent/1.10.18/byte-buddy-agent-1.10.18.jar:/home/osboxes/.m2/repository/org/objenesis/objenesis/3.1/objenesis-3.1.jar:/home/osboxes/.m2/repository/org/mockito/mockito-junit-jupiter/3.6.28/mockito-junit-jupiter-3.6.28.jar:/home/osboxes/.m2/repository/org/skyscreamer/jsonassert/1.5.0/jsonassert-1.5.0.jar:/home/osboxes/.m2/repository/com/vaadin/external/google/android-json/0.0.20131108.vaadin1/android-json-0.0.20131108.vaadin1.jar:/home/osboxes/.m2/repository/org/springframework/spring-core/5.3.2/spring-core-5.3.2.jar:/home/osboxes/.m2/repository/org/springframework/spring-jcl/5.3.2/spring-jcl-5.3.2.jar:/home/osboxes/.m2/repository/org/springframework/spring-test/5.3.2/spring-test-5.3.2.jar:/home/osboxes/.m2/repository/org/xmlunit/xmlunit-core/2.7.0/xmlunit-core-2.7.0.jar:"/>
    <property name="java.vm.vendor" value="Oracle Corporation"/>
    <property name="sun.arch.data.model" value="64"/>
    <property name="java.vendor.url" value="https://java.oracle.com/"/>
    <property name="os.name" value="Linux"/>
    <property name="java.vm.specification.version" value="17"/>
    <property name="sun.java.launcher" value="SUN_STANDARD"/>
    <property name="user.country" value="US"/>
    <property name="sun.boot.library.path" value="/opt/java/jdk-17.0.2/lib"/>
    <property name="sun.java.command" value="/home/osboxes/kubernetes/currency-exchange-service/target/surefire/surefirebooter17488499585144947643.jar /home/osboxes/kubernetes/currency-exchange-service/target/surefire 2022-06-07T09-56-18_253-jvmRun1 surefire16192876421966285027tmp surefire_012347922160656590545tmp"/>
    <property name="jdk.debug" value="release"/>
    <property name="surefire.test.class.path" value="/home/osboxes/kubernetes/currency-exchange-service/target/test-classes:/home/osboxes/kubernetes/currency-exchange-service/target/classes:/home/osboxes/.m2/repository/org/springframework/boot/spring-boot-starter-actuator/2.4.1/spring-boot-starter-actuator-2.4.1.jar:/home/osboxes/.m2/repository/org/springframework/boot/spring-boot-starter/2.4.1/spring-boot-starter-2.4.1.jar:/home/osboxes/.m2/repository/org/springframework/boot/spring-boot-starter-logging/2.4.1/spring-boot-starter-logging-2.4.1.jar:/home/osboxes/.m2/repository/ch/qos/logback/logback-classic/1.2.3/logback-classic-1.2.3.jar:/home/osboxes/.m2/repository/ch/qos/logback/logback-core/1.2.3/logback-core-1.2.3.jar:/home/osboxes/.m2/repository/org/apache/logging/log4j/log4j-to-slf4j/2.13.3/log4j-to-slf4j-2.13.3.jar:/home/osboxes/.m2/repository/org/apache/logging/log4j/log4j-api/2.13.3/log4j-api-2.13.3.jar:/home/osboxes/.m2/repository/org/slf4j/jul-to-slf4j/1.7.30/jul-to-slf4j-1.7.30.jar:/home/osboxes/.m2/repository/jakarta/annotation/jakarta.annotation-api/1.3.5/jakarta.annotation-api-1.3.5.jar:/home/osboxes/.m2/repository/org/yaml/snakeyaml/1.27/snakeyaml-1.27.jar:/home/osboxes/.m2/repository/org/springframework/boot/spring-boot-actuator-autoconfigure/2.4.1/spring-boot-actuator-autoconfigure-2.4.1.jar:/home/osboxes/.m2/repository/org/springframework/boot/spring-boot-actuator/2.4.1/spring-boot-actuator-2.4.1.jar:/home/osboxes/.m2/repository/com/fasterxml/jackson/core/jackson-databind/2.11.3/jackson-databind-2.11.3.jar:/home/osboxes/.m2/repository/com/fasterxml/jackson/core/jackson-annotations/2.11.3/jackson-annotations-2.11.3.jar:/home/osboxes/.m2/repository/com/fasterxml/jackson/core/jackson-core/2.11.3/jackson-core-2.11.3.jar:/home/osboxes/.m2/repository/com/fasterxml/jackson/datatype/jackson-datatype-jsr310/2.11.3/jackson-datatype-jsr310-2.11.3.jar:/home/osboxes/.m2/repository/io/micrometer/micrometer-core/1.6.2/micrometer-core-1.6.2.jar:/home/osboxes/.m2/repository/org/hdrhistogram/HdrHistogram/2.1.12/HdrHistogram-2.1.12.jar:/home/osboxes/.m2/repository/org/latencyutils/LatencyUtils/2.0.3/LatencyUtils-2.0.3.jar:/home/osboxes/.m2/repository/org/springframework/boot/spring-boot-starter-web/2.4.1/spring-boot-starter-web-2.4.1.jar:/home/osboxes/.m2/repository/org/springframework/boot/spring-boot-starter-json/2.4.1/spring-boot-starter-json-2.4.1.jar:/home/osboxes/.m2/repository/com/fasterxml/jackson/datatype/jackson-datatype-jdk8/2.11.3/jackson-datatype-jdk8-2.11.3.jar:/home/osboxes/.m2/repository/com/fasterxml/jackson/module/jackson-module-parameter-names/2.11.3/jackson-module-parameter-names-2.11.3.jar:/home/osboxes/.m2/repository/org/springframework/boot/spring-boot-starter-tomcat/2.4.1/spring-boot-starter-tomcat-2.4.1.jar:/home/osboxes/.m2/repository/org/apache/tomcat/embed/tomcat-embed-core/9.0.41/tomcat-embed-core-9.0.41.jar:/home/osboxes/.m2/repository/org/glassfish/jakarta.el/3.0.3/jakarta.el-3.0.3.jar:/home/osboxes/.m2/repository/org/apache/tomcat/embed/tomcat-embed-websocket/9.0.41/tomcat-embed-websocket-9.0.41.jar:/home/osboxes/.m2/repository/org/springframework/spring-web/5.3.2/spring-web-5.3.2.jar:/home/osboxes/.m2/repository/org/springframework/spring-beans/5.3.2/spring-beans-5.3.2.jar:/home/osboxes/.m2/repository/org/springframework/spring-webmvc/5.3.2/spring-webmvc-5.3.2.jar:/home/osboxes/.m2/repository/org/springframework/spring-context/5.3.2/spring-context-5.3.2.jar:/home/osboxes/.m2/repository/org/springframework/spring-expression/5.3.2/spring-expression-5.3.2.jar:/home/osboxes/.m2/repository/org/springframework/boot/spring-boot-starter-data-jpa/2.4.1/spring-boot-starter-data-jpa-2.4.1.jar:/home/osboxes/.m2/repository/org/springframework/boot/spring-boot-starter-jdbc/2.4.1/spring-boot-starter-jdbc-2.4.1.jar:/home/osboxes/.m2/repository/com/zaxxer/HikariCP/3.4.5/HikariCP-3.4.5.jar:/home/osboxes/.m2/repository/org/springframework/spring-jdbc/5.3.2/spring-jdbc-5.3.2.jar:/home/osboxes/.m2/repository/jakarta/transaction/jakarta.transaction-api/1.3.3/jakarta.transaction-api-1.3.3.jar:/home/osboxes/.m2/repository/jakarta/persistence/jakarta.persistence-api/2.2.3/jakarta.persistence-api-2.2.3.jar:/home/osboxes/.m2/repository/org/hibernate/hibernate-core/5.4.25.Final/hibernate-core-5.4.25.Final.jar:/home/osboxes/.m2/repository/org/jboss/logging/jboss-logging/3.4.1.Final/jboss-logging-3.4.1.Final.jar:/home/osboxes/.m2/repository/org/javassist/javassist/3.27.0-GA/javassist-3.27.0-GA.jar:/home/osboxes/.m2/repository/net/bytebuddy/byte-buddy/1.10.18/byte-buddy-1.10.18.jar:/home/osboxes/.m2/repository/antlr/antlr/2.7.7/antlr-2.7.7.jar:/home/osboxes/.m2/repository/org/jboss/jandex/2.1.3.Final/jandex-2.1.3.Final.jar:/home/osboxes/.m2/repository/com/fasterxml/classmate/1.5.1/classmate-1.5.1.jar:/home/osboxes/.m2/repository/org/dom4j/dom4j/2.1.3/dom4j-2.1.3.jar:/home/osboxes/.m2/repository/org/hibernate/common/hibernate-commons-annotations/5.1.2.Final/hibernate-commons-annotations-5.1.2.Final.jar:/home/osboxes/.m2/repository/org/glassfish/jaxb/jaxb-runtime/2.3.3/jaxb-runtime-2.3.3.jar:/home/osboxes/.m2/repository/org/glassfish/jaxb/txw2/2.3.3/txw2-2.3.3.jar:/home/osboxes/.m2/repository/com/sun/istack/istack-commons-runtime/3.0.11/istack-commons-runtime-3.0.11.jar:/home/osboxes/.m2/repository/com/sun/activation/jakarta.activation/1.2.2/jakarta.activation-1.2.2.jar:/home/osboxes/.m2/repository/org/springframework/data/spring-data-jpa/2.4.2/spring-data-jpa-2.4.2.jar:/home/osboxes/.m2/repository/org/springframework/data/spring-data-commons/2.4.2/spring-data-commons-2.4.2.jar:/home/osboxes/.m2/repository/org/springframework/spring-orm/5.3.2/spring-orm-5.3.2.jar:/home/osboxes/.m2/repository/org/springframework/spring-tx/5.3.2/spring-tx-5.3.2.jar:/home/osboxes/.m2/repository/org/springframework/spring-aspects/5.3.2/spring-aspects-5.3.2.jar:/home/osboxes/.m2/repository/com/h2database/h2/1.4.200/h2-1.4.200.jar:/home/osboxes/.m2/repository/org/springframework/cloud/spring-cloud-starter-sleuth/3.0.0/spring-cloud-starter-sleuth-3.0.0.jar:/home/osboxes/.m2/repository/org/springframework/cloud/spring-cloud-starter/3.0.0/spring-cloud-starter-3.0.0.jar:/home/osboxes/.m2/repository/org/springframework/cloud/spring-cloud-context/3.0.0/spring-cloud-context-3.0.0.jar:/home/osboxes/.m2/repository/org/springframework/security/spring-security-crypto/5.4.2/spring-security-crypto-5.4.2.jar:/home/osboxes/.m2/repository/org/springframework/cloud/spring-cloud-commons/3.0.0/spring-cloud-commons-3.0.0.jar:/home/osboxes/.m2/repository/org/springframework/security/spring-security-rsa/1.0.9.RELEASE/spring-security-rsa-1.0.9.RELEASE.jar:/home/osboxes/.m2/repository/org/bouncycastle/bcpkix-jdk15on/1.64/bcpkix-jdk15on-1.64.jar:/home/osboxes/.m2/repository/org/bouncycastle/bcprov-jdk15on/1.64/bcprov-jdk15on-1.64.jar:/home/osboxes/.m2/repository/org/springframework/cloud/spring-cloud-sleuth-autoconfigure/3.0.0/spring-cloud-sleuth-autoconfigure-3.0.0.jar:/home/osboxes/.m2/repository/org/springframework/cloud/spring-cloud-sleuth-instrumentation/3.0.0/spring-cloud-sleuth-instrumentation-3.0.0.jar:/home/osboxes/.m2/repository/org/springframework/cloud/spring-cloud-sleuth-api/3.0.0/spring-cloud-sleuth-api-3.0.0.jar:/home/osboxes/.m2/repository/org/aspectj/aspectjrt/1.9.6/aspectjrt-1.9.6.jar:/home/osboxes/.m2/repository/org/springframework/cloud/spring-cloud-sleuth-brave/3.0.0/spring-cloud-sleuth-brave-3.0.0.jar:/home/osboxes/.m2/repository/io/zipkin/brave/brave/5.13.2/brave-5.13.2.jar:/home/osboxes/.m2/repository/io/zipkin/brave/brave-context-slf4j/5.13.2/brave-context-slf4j-5.13.2.jar:/home/osboxes/.m2/repository/io/zipkin/brave/brave-instrumentation-messaging/5.13.2/brave-instrumentation-messaging-5.13.2.jar:/home/osboxes/.m2/repository/io/zipkin/brave/brave-instrumentation-rpc/5.13.2/brave-instrumentation-rpc-5.13.2.jar:/home/osboxes/.m2/repository/io/zipkin/brave/brave-instrumentation-spring-rabbit/5.13.2/brave-instrumentation-spring-rabbit-5.13.2.jar:/home/osboxes/.m2/repository/io/zipkin/brave/brave-instrumentation-kafka-clients/5.13.2/brave-instrumentation-kafka-clients-5.13.2.jar:/home/osboxes/.m2/repository/io/zipkin/brave/brave-instrumentation-kafka-streams/5.13.2/brave-instrumentation-kafka-streams-5.13.2.jar:/home/osboxes/.m2/repository/io/zipkin/brave/brave-instrumentation-httpclient/5.13.2/brave-instrumentation-httpclient-5.13.2.jar:/home/osboxes/.m2/repository/io/zipkin/brave/brave-instrumentation-http/5.13.2/brave-instrumentation-http-5.13.2.jar:/home/osboxes/.m2/repository/io/zipkin/brave/brave-instrumentation-httpasyncclient/5.13.2/brave-instrumentation-httpasyncclient-5.13.2.jar:/home/osboxes/.m2/repository/io/zipkin/brave/brave-instrumentation-jms/5.13.2/brave-instrumentation-jms-5.13.2.jar:/home/osboxes/.m2/repository/io/zipkin/brave/brave-instrumentation-mongodb/5.13.2/brave-instrumentation-mongodb-5.13.2.jar:/home/osboxes/.m2/repository/io/zipkin/aws/brave-propagation-aws/0.21.3/brave-propagation-aws-0.21.3.jar:/home/osboxes/.m2/repository/io/zipkin/reporter2/zipkin-reporter-metrics-micrometer/2.16.1/zipkin-reporter-metrics-micrometer-2.16.1.jar:/home/osboxes/.m2/repository/io/zipkin/reporter2/zipkin-reporter/2.16.1/zipkin-reporter-2.16.1.jar:/home/osboxes/.m2/repository/io/zipkin/zipkin2/zipkin/2.23.0/zipkin-2.23.0.jar:/home/osboxes/.m2/repository/org/springframework/boot/spring-boot-starter-aop/2.4.1/spring-boot-starter-aop-2.4.1.jar:/home/osboxes/.m2/repository/org/springframework/spring-aop/5.3.2/spring-aop-5.3.2.jar:/home/osboxes/.m2/repository/org/aspectj/aspectjweaver/1.9.6/aspectjweaver-1.9.6.jar:/home/osboxes/.m2/repository/io/github/resilience4j/resilience4j-spring-boot2/1.6.1/resilience4j-spring-boot2-1.6.1.jar:/home/osboxes/.m2/repository/io/vavr/vavr/0.10.2/vavr-0.10.2.jar:/home/osboxes/.m2/repository/io/vavr/vavr-match/0.10.2/vavr-match-0.10.2.jar:/home/osboxes/.m2/repository/org/slf4j/slf4j-api/1.7.30/slf4j-api-1.7.30.jar:/home/osboxes/.m2/repository/io/github/resilience4j/resilience4j-spring/1.6.1/resilience4j-spring-1.6.1.jar:/home/osboxes/.m2/repository/io/github/resilience4j/resilience4j-annotations/1.6.1/resilience4j-annotations-1.6.1.jar:/home/osboxes/.m2/repository/io/github/resilience4j/resilience4j-consumer/1.6.1/resilience4j-consumer-1.6.1.jar:/home/osboxes/.m2/repository/io/github/resilience4j/resilience4j-core/1.6.1/resilience4j-core-1.6.1.jar:/home/osboxes/.m2/repository/io/github/resilience4j/resilience4j-circularbuffer/1.6.1/resilience4j-circularbuffer-1.6.1.jar:/home/osboxes/.m2/repository/io/github/resilience4j/resilience4j-framework-common/1.6.1/resilience4j-framework-common-1.6.1.jar:/home/osboxes/.m2/repository/io/github/resilience4j/resilience4j-circuitbreaker/1.6.1/resilience4j-circuitbreaker-1.6.1.jar:/home/osboxes/.m2/repository/io/github/resilience4j/resilience4j-ratelimiter/1.6.1/resilience4j-ratelimiter-1.6.1.jar:/home/osboxes/.m2/repository/io/github/resilience4j/resilience4j-retry/1.6.1/resilience4j-retry-1.6.1.jar:/home/osboxes/.m2/repository/io/github/resilience4j/resilience4j-bulkhead/1.6.1/resilience4j-bulkhead-1.6.1.jar:/home/osboxes/.m2/repository/io/github/resilience4j/resilience4j-timelimiter/1.6.1/resilience4j-timelimiter-1.6.1.jar:/home/osboxes/.m2/repository/io/github/resilience4j/resilience4j-micrometer/1.6.1/resilience4j-micrometer-1.6.1.jar:/home/osboxes/.m2/repository/org/springframework/boot/spring-boot-devtools/2.4.1/spring-boot-devtools-2.4.1.jar:/home/osboxes/.m2/repository/org/springframework/boot/spring-boot/2.4.1/spring-boot-2.4.1.jar:/home/osboxes/.m2/repository/org/springframework/boot/spring-boot-autoconfigure/2.4.1/spring-boot-autoconfigure-2.4.1.jar:/home/osboxes/.m2/repository/org/springframework/boot/spring-boot-starter-test/2.4.1/spring-boot-starter-test-2.4.1.jar:/home/osboxes/.m2/repository/org/springframework/boot/spring-boot-test/2.4.1/spring-boot-test-2.4.1.jar:/home/osboxes/.m2/repository/org/springframework/boot/spring-boot-test-autoconfigure/2.4.1/spring-boot-test-autoconfigure-2.4.1.jar:/home/osboxes/.m2/repository/com/jayway/jsonpath/json-path/2.4.0/json-path-2.4.0.jar:/home/osboxes/.m2/repository/net/minidev/json-smart/2.3/json-smart-2.3.jar:/home/osboxes/.m2/repository/net/minidev/accessors-smart/1.2/accessors-smart-1.2.jar:/home/osboxes/.m2/repository/org/ow2/asm/asm/5.0.4/asm-5.0.4.jar:/home/osboxes/.m2/repository/jakarta/xml/bind/jakarta.xml.bind-api/2.3.3/jakarta.xml.bind-api-2.3.3.jar:/home/osboxes/.m2/repository/jakarta/activation/jakarta.activation-api/1.2.2/jakarta.activation-api-1.2.2.jar:/home/osboxes/.m2/repository/org/assertj/assertj-core/3.18.1/assertj-core-3.18.1.jar:/home/osboxes/.m2/repository/org/hamcrest/hamcrest/2.2/hamcrest-2.2.jar:/home/osboxes/.m2/repository/org/junit/jupiter/junit-jupiter/5.7.0/junit-jupiter-5.7.0.jar:/home/osboxes/.m2/repository/org/junit/jupiter/junit-jupiter-api/5.7.0/junit-jupiter-api-5.7.0.jar:/home/osboxes/.m2/repository/org/apiguardian/apiguardian-api/1.1.0/apiguardian-api-1.1.0.jar:/home/osboxes/.m2/repository/org/opentest4j/opentest4j/1.2.0/opentest4j-1.2.0.jar:/home/osboxes/.m2/repository/org/junit/platform/junit-platform-commons/1.7.0/junit-platform-commons-1.7.0.jar:/home/osboxes/.m2/repository/org/junit/jupiter/junit-jupiter-params/5.7.0/junit-jupiter-params-5.7.0.jar:/home/osboxes/.m2/repository/org/junit/jupiter/junit-jupiter-engine/5.7.0/junit-jupiter-engine-5.7.0.jar:/home/osboxes/.m2/repository/org/junit/platform/junit-platform-engine/1.7.0/junit-platform-engine-1.7.0.jar:/home/osboxes/.m2/repository/org/mockito/mockito-core/3.6.28/mockito-core-3.6.28.jar:/home/osboxes/.m2/repository/net/bytebuddy/byte-buddy-agent/1.10.18/byte-buddy-agent-1.10.18.jar:/home/osboxes/.m2/repository/org/objenesis/objenesis/3.1/objenesis-3.1.jar:/home/osboxes/.m2/repository/org/mockito/mockito-junit-jupiter/3.6.28/mockito-junit-jupiter-3.6.28.jar:/home/osboxes/.m2/repository/org/skyscreamer/jsonassert/1.5.0/jsonassert-1.5.0.jar:/home/osboxes/.m2/repository/com/vaadin/external/google/android-json/0.0.20131108.vaadin1/android-json-0.0.20131108.vaadin1.jar:/home/osboxes/.m2/repository/org/springframework/spring-core/5.3.2/spring-core-5.3.2.jar:/home/osboxes/.m2/repository/org/springframework/spring-jcl/5.3.2/spring-jcl-5.3.2.jar:/home/osboxes/.m2/repository/org/springframework/spring-test/5.3.2/spring-test-5.3.2.jar:/home/osboxes/.m2/repository/org/xmlunit/xmlunit-core/2.7.0/xmlunit-core-2.7.0.jar:"/>
    <property name="sun.cpu.endian" value="little"/>
    <property name="user.home" value="/home/osboxes"/>
    <property name="user.language" value="en"/>
    <property name="java.specification.vendor" value="Oracle Corporation"/>
    <property name="java.version.date" value="2022-01-18"/>
    <property name="java.home" value="/opt/java/jdk-17.0.2"/>
    <property name="file.separator" value="/"/>
    <property name="basedir" value="/home/osboxes/kubernetes/currency-exchange-service"/>
    <property name="java.vm.compressedOopsMode" value="32-bit"/>
    <property name="line.separator" value="&#10;"/>
    <property name="java.vm.specification.vendor" value="Oracle Corporation"/>
    <property name="java.specification.name" value="Java Platform API Specification"/>
    <property name="surefire.real.class.path" value="/home/osboxes/kubernetes/currency-exchange-service/target/surefire/surefirebooter17488499585144947643.jar"/>
    <property name="sun.management.compiler" value="HotSpot 64-Bit Tiered Compilers"/>
    <property name="java.runtime.version" value="17.0.2+8-86"/>
    <property name="user.name" value="osboxes"/>
    <property name="path.separator" value=":"/>
    <property name="os.version" value="5.4.0-87-generic"/>
    <property name="java.runtime.name" value="OpenJDK Runtime Environment"/>
    <property name="file.encoding" value="UTF-8"/>
    <property name="java.vm.name" value="OpenJDK 64-Bit Server VM"/>
    <property name="localRepository" value="/home/osboxes/.m2/repository"/>
    <property name="java.vendor.url.bug" value="https://bugreport.java.com/bugreport/"/>
    <property name="java.io.tmpdir" value="/tmp"/>
    <property name="java.version" value="17.0.2"/>
    <property name="user.dir" value="/home/osboxes/kubernetes/currency-exchange-service"/>
    <property name="os.arch" value="amd64"/>
    <property name="java.vm.specification.name" value="Java Virtual Machine Specification"/>
    <property name="native.encoding" value="UTF-8"/>
    <property name="java.library.path" value="/usr/java/packages/lib:/usr/lib64:/lib64:/lib:/usr/lib"/>
    <property name="java.vm.info" value="mixed mode, sharing"/>
    <property name="java.vendor" value="Oracle Corporation"/>
    <property name="java.vm.version" value="17.0.2+8-86"/>
    <property name="sun.io.unicode.encoding" value="UnicodeLittle"/>
    <property name="java.class.version" value="61.0"/>
  </properties>
  <testcase name="contextLoads" classname="com.in28minutes.microservices.currencyexchangeservice.CurrencyExchangeServiceApplicationTests" time="0.277"/>
</testsuite>